<?xml version="1.0" encoding="UTF-8"?>
<!-- Generated by org.testng.reporters.JUnitReportReporter -->
<testsuite hostname="eli_5-PC" name="myselenium.commands.PracticeFormTest" tests="1" failures="0" timestamp="11 Mar 2017 08:56:19 GMT" time="18.715" errors="0">
  <testcase name="fillPracticeFrom1" time="18.715" classname="myselenium.commands.PracticeFormTest"/>
</testsuite> <!-- myselenium.commands.PracticeFormTest -->
